  Communicator.cpp
c:\users\timho\google drive\school\semester 3\open innovation\code\oi_nano4sports\myo\projects\communicator.cpp(7): warning C4996: 'sprintf': This function or variable may be unsafe. Consider using sprintf_s instead. To disable deprecation, use _CRT_SECURE_NO_WARNINGS. See online help for details.
  c:\program files (x86)\windows kits\10\include\10.0.17134.0\ucrt\stdio.h(1774): note: see declaration of 'sprintf'
c:\users\timho\google drive\school\semester 3\open innovation\code\oi_nano4sports\myo\projects\communicator.cpp(17): warning C4996: 'sprintf': This function or variable may be unsafe. Consider using sprintf_s instead. To disable deprecation, use _CRT_SECURE_NO_WARNINGS. See online help for details.
  c:\program files (x86)\windows kits\10\include\10.0.17134.0\ucrt\stdio.h(1774): note: see declaration of 'sprintf'
c:\users\timho\google drive\school\semester 3\open innovation\code\oi_nano4sports\myo\projects\communicator.cpp(26): warning C4996: 'sprintf': This function or variable may be unsafe. Consider using sprintf_s instead. To disable deprecation, use _CRT_SECURE_NO_WARNINGS. See online help for details.
  c:\program files (x86)\windows kits\10\include\10.0.17134.0\ucrt\stdio.h(1774): note: see declaration of 'sprintf'
  DataCollector.cpp
c:\users\timho\google drive\school\semester 3\open innovation\code\oi_nano4sports\myo\include\myo\cxx\detail\throwonerror.hpp(39): warning C4297: 'myo::ThrowOnError::~ThrowOnError': function assumed not to throw an exception but does
  c:\users\timho\google drive\school\semester 3\open innovation\code\oi_nano4sports\myo\include\myo\cxx\detail\throwonerror.hpp(39): note: destructor or deallocator has a (possibly implicit) non-throwing exception specification
c:\users\timho\google drive\school\semester 3\open innovation\code\oi_nano4sports\myo\include\myo\cxx\detail\throwonerror.hpp(45): warning C4297: 'myo::ThrowOnError::~ThrowOnError': function assumed not to throw an exception but does
  c:\users\timho\google drive\school\semester 3\open innovation\code\oi_nano4sports\myo\include\myo\cxx\detail\throwonerror.hpp(45): note: destructor or deallocator has a (possibly implicit) non-throwing exception specification
c:\users\timho\google drive\school\semester 3\open innovation\code\oi_nano4sports\myo\projects\datacollector.cpp(20): warning C4551: function call missing argument list
  Myo.cpp
c:\users\timho\google drive\school\semester 3\open innovation\code\oi_nano4sports\myo\include\myo\cxx\detail\throwonerror.hpp(39): warning C4297: 'myo::ThrowOnError::~ThrowOnError': function assumed not to throw an exception but does
  c:\users\timho\google drive\school\semester 3\open innovation\code\oi_nano4sports\myo\include\myo\cxx\detail\throwonerror.hpp(39): note: destructor or deallocator has a (possibly implicit) non-throwing exception specification
c:\users\timho\google drive\school\semester 3\open innovation\code\oi_nano4sports\myo\include\myo\cxx\detail\throwonerror.hpp(45): warning C4297: 'myo::ThrowOnError::~ThrowOnError': function assumed not to throw an exception but does
  c:\users\timho\google drive\school\semester 3\open innovation\code\oi_nano4sports\myo\include\myo\cxx\detail\throwonerror.hpp(45): note: destructor or deallocator has a (possibly implicit) non-throwing exception specification
c:\users\timho\google drive\school\semester 3\open innovation\code\oi_nano4sports\myo\projects\myo.cpp(247): warning C4996: 'strncpy': This function or variable may be unsafe. Consider using strncpy_s instead. To disable deprecation, use _CRT_SECURE_NO_WARNINGS. See online help for details.
  c:\program files (x86)\windows kits\10\include\10.0.17134.0\ucrt\string.h(338): note: see declaration of 'strncpy'
  pch.cpp
c1xx : fatal error C1083: Cannot open source file: 'pch.cpp': No such file or directory
  PeakDetector.cpp
  UDPClient.cpp
c:\users\timho\google drive\school\semester 3\open innovation\code\oi_nano4sports\myo\projects\udpclient.cpp(1): warning C4067: unexpected tokens following preprocessor directive - expected a newline
c:\users\timho\google drive\school\semester 3\open innovation\code\oi_nano4sports\myo\projects\udpclient.cpp(70): warning C4267: 'argument': conversion from 'size_t' to 'int', possible loss of data
  Generating Code...
c:\users\timho\google drive\school\semester 3\open innovation\code\oi_nano4sports\myo\projects\udpclient.cpp(53): warning C4715: 'UDPClient::Start': not all control paths return a value
