c:\users\ryanv\onedrive\bureaublad\git\oi\oi_nano4sports_goede\oi_nano4sports\myo\projects\x64\debug\vc141.pdb
c:\users\ryanv\onedrive\bureaublad\git\oi\oi_nano4sports_goede\oi_nano4sports\myo\projects\x64\debug\communicator.sbr
c:\users\ryanv\onedrive\bureaublad\git\oi\oi_nano4sports_goede\oi_nano4sports\myo\projects\x64\debug\datacollector.sbr
c:\users\ryanv\onedrive\bureaublad\git\oi\oi_nano4sports_goede\oi_nano4sports\myo\projects\x64\debug\myo.sbr
c:\users\ryanv\onedrive\bureaublad\git\oi\oi_nano4sports_goede\oi_nano4sports\myo\projects\x64\debug\stepcalculator.sbr
c:\users\ryanv\onedrive\bureaublad\git\oi\oi_nano4sports_goede\oi_nano4sports\myo\projects\x64\debug\stepcalculator.obj
c:\users\ryanv\onedrive\bureaublad\git\oi\oi_nano4sports_goede\oi_nano4sports\myo\projects\x64\debug\myo.obj
c:\users\ryanv\onedrive\bureaublad\git\oi\oi_nano4sports_goede\oi_nano4sports\myo\projects\x64\debug\datacollector.obj
c:\users\ryanv\onedrive\bureaublad\git\oi\oi_nano4sports_goede\oi_nano4sports\myo\projects\x64\debug\communicator.obj
c:\users\ryanv\onedrive\bureaublad\git\oi\oi_nano4sports_goede\oi_nano4sports\myo\projects\x64\debug\nano4sports.exe
c:\users\ryanv\onedrive\bureaublad\git\oi\oi_nano4sports_goede\oi_nano4sports\myo\projects\x64\debug\nano4sports.ilk
c:\users\ryanv\onedrive\bureaublad\git\oi\oi_nano4sports_goede\oi_nano4sports\myo\projects\x64\debug\nano4sports.pdb
c:\users\ryanv\onedrive\bureaublad\git\oi\oi_nano4sports_goede\oi_nano4sports\myo\projects\x64\debug\nano4sports.bsc
c:\users\ryanv\onedrive\bureaublad\git\oi\oi_nano4sports_goede\oi_nano4sports\myo\projects\x64\debug\nano4sports.tlog\bscmake.command.1.tlog
c:\users\ryanv\onedrive\bureaublad\git\oi\oi_nano4sports_goede\oi_nano4sports\myo\projects\x64\debug\nano4sports.tlog\bscmake.read.1.tlog
c:\users\ryanv\onedrive\bureaublad\git\oi\oi_nano4sports_goede\oi_nano4sports\myo\projects\x64\debug\nano4sports.tlog\cl.command.1.tlog
c:\users\ryanv\onedrive\bureaublad\git\oi\oi_nano4sports_goede\oi_nano4sports\myo\projects\x64\debug\nano4sports.tlog\cl.read.1.tlog
c:\users\ryanv\onedrive\bureaublad\git\oi\oi_nano4sports_goede\oi_nano4sports\myo\projects\x64\debug\nano4sports.tlog\cl.write.1.tlog
c:\users\ryanv\onedrive\bureaublad\git\oi\oi_nano4sports_goede\oi_nano4sports\myo\projects\x64\debug\nano4sports.tlog\link.command.1.tlog
c:\users\ryanv\onedrive\bureaublad\git\oi\oi_nano4sports_goede\oi_nano4sports\myo\projects\x64\debug\nano4sports.tlog\link.read.1.tlog
c:\users\ryanv\onedrive\bureaublad\git\oi\oi_nano4sports_goede\oi_nano4sports\myo\projects\x64\debug\nano4sports.tlog\link.write.1.tlog
